  [1m[35m (778.8ms)[0m  [1m[35mCREATE DATABASE "mango-app-api_development" ENCODING = 'unicode'[0m
  ↳ /home/ashaikh/.rvm/gems/ruby-2.2.9/bin/rake:23
  [1m[35m (633.0ms)[0m  [1m[35mCREATE DATABASE "mango-app-api_test" ENCODING = 'unicode'[0m
  ↳ /home/ashaikh/.rvm/gems/ruby-2.2.9/bin/rake:23
  [1m[35m (124.8ms)[0m  [1m[35mCREATE TABLE "schema_migrations" ("version" character varying NOT NULL PRIMARY KEY)[0m
  ↳ /home/ashaikh/.rvm/gems/ruby-2.2.9/bin/rake:23
  [1m[35m (126.3ms)[0m  [1m[35mCREATE TABLE "ar_internal_metadata" ("key" character varying NOT NULL PRIMARY KEY, "value" character varying, "created_at" timestamp NOT NULL, "updated_at" timestamp NOT NULL)[0m
  ↳ /home/ashaikh/.rvm/gems/ruby-2.2.9/bin/rake:23
  [1m[35m (0.8ms)[0m  [1m[34mSELECT pg_try_advisory_lock(8464036177713231045)[0m
  ↳ /home/ashaikh/.rvm/gems/ruby-2.2.9/bin/rake:23
  [1m[35m (1.6ms)[0m  [1m[34mSELECT "schema_migrations"."version" FROM "schema_migrations" ORDER BY "schema_migrations"."version" ASC[0m
  ↳ /home/ashaikh/.rvm/gems/ruby-2.2.9/bin/rake:23
Migrating to CreateCategories (20190417135138)
  [1m[35m (0.5ms)[0m  [1m[35mBEGIN[0m
  ↳ /home/ashaikh/.rvm/gems/ruby-2.2.9/bin/rake:23
  [1m[35m (85.5ms)[0m  [1m[35mCREATE TABLE "categories" ("id" bigserial primary key, "name" character varying, "description" character varying, "created_at" timestamp NOT NULL, "updated_at" timestamp NOT NULL)[0m
  ↳ db/migrate/20190417135138_create_categories.rb:3
  [1m[36mActiveRecord::SchemaMigration Create (1.3ms)[0m  [1m[32mINSERT INTO "schema_migrations" ("version") VALUES ($1) RETURNING "version"[0m  [["version", "20190417135138"]]
  ↳ /home/ashaikh/.rvm/gems/ruby-2.2.9/bin/rake:23
  [1m[35m (21.1ms)[0m  [1m[35mCOMMIT[0m
  ↳ /home/ashaikh/.rvm/gems/ruby-2.2.9/bin/rake:23
Migrating to CreateRatelists (20190417135233)
  [1m[35m (0.6ms)[0m  [1m[35mBEGIN[0m
  ↳ /home/ashaikh/.rvm/gems/ruby-2.2.9/bin/rake:23
  [1m[35m (50.6ms)[0m  [1m[35mCREATE TABLE "ratelists" ("id" bigserial primary key, "category_id" integer, "rate" integer, "created_at" timestamp NOT NULL, "updated_at" timestamp NOT NULL)[0m
  ↳ db/migrate/20190417135233_create_ratelists.rb:3
  [1m[36mActiveRecord::SchemaMigration Create (0.8ms)[0m  [1m[32mINSERT INTO "schema_migrations" ("version") VALUES ($1) RETURNING "version"[0m  [["version", "20190417135233"]]
  ↳ /home/ashaikh/.rvm/gems/ruby-2.2.9/bin/rake:23
  [1m[35m (5.9ms)[0m  [1m[35mCOMMIT[0m
  ↳ /home/ashaikh/.rvm/gems/ruby-2.2.9/bin/rake:23
Migrating to CreateStatuses (20190417135309)
  [1m[35m (0.4ms)[0m  [1m[35mBEGIN[0m
  ↳ /home/ashaikh/.rvm/gems/ruby-2.2.9/bin/rake:23
  [1m[35m (38.0ms)[0m  [1m[35mCREATE TABLE "statuses" ("id" bigserial primary key, "category_id" integer, "status" integer, "created_at" timestamp NOT NULL, "updated_at" timestamp NOT NULL)[0m
  ↳ db/migrate/20190417135309_create_statuses.rb:3
  [1m[36mActiveRecord::SchemaMigration Create (1.0ms)[0m  [1m[32mINSERT INTO "schema_migrations" ("version") VALUES ($1) RETURNING "version"[0m  [["version", "20190417135309"]]
  ↳ /home/ashaikh/.rvm/gems/ruby-2.2.9/bin/rake:23
  [1m[35m (18.1ms)[0m  [1m[35mCOMMIT[0m
  ↳ /home/ashaikh/.rvm/gems/ruby-2.2.9/bin/rake:23
Migrating to CreateStocks (20190417135339)
  [1m[35m (0.5ms)[0m  [1m[35mBEGIN[0m
  ↳ /home/ashaikh/.rvm/gems/ruby-2.2.9/bin/rake:23
  [1m[35m (47.5ms)[0m  [1m[35mCREATE TABLE "stocks" ("id" bigserial primary key, "category_id" integer, "stock" integer, "created_at" timestamp NOT NULL, "updated_at" timestamp NOT NULL)[0m
  ↳ db/migrate/20190417135339_create_stocks.rb:3
  [1m[36mActiveRecord::SchemaMigration Create (0.6ms)[0m  [1m[32mINSERT INTO "schema_migrations" ("version") VALUES ($1) RETURNING "version"[0m  [["version", "20190417135339"]]
  ↳ /home/ashaikh/.rvm/gems/ruby-2.2.9/bin/rake:23
  [1m[35m (20.8ms)[0m  [1m[35mCOMMIT[0m
  ↳ /home/ashaikh/.rvm/gems/ruby-2.2.9/bin/rake:23
  [1m[36mActiveRecord::InternalMetadata Load (0.9ms)[0m  [1m[34mSELECT  "ar_internal_metadata".* FROM "ar_internal_metadata" WHERE "ar_internal_metadata"."key" = $1 LIMIT $2[0m  [["key", "environment"], ["LIMIT", 1]]
  ↳ /home/ashaikh/.rvm/gems/ruby-2.2.9/bin/rake:23
  [1m[35m (0.2ms)[0m  [1m[35mBEGIN[0m
  ↳ /home/ashaikh/.rvm/gems/ruby-2.2.9/bin/rake:23
  [1m[36mActiveRecord::InternalMetadata Create (0.8ms)[0m  [1m[32mINSERT INTO "ar_internal_metadata" ("key", "value", "created_at", "updated_at") VALUES ($1, $2, $3, $4) RETURNING "key"[0m  [["key", "environment"], ["value", "development"], ["created_at", "2019-04-17 13:54:07.563059"], ["updated_at", "2019-04-17 13:54:07.563059"]]
  ↳ /home/ashaikh/.rvm/gems/ruby-2.2.9/bin/rake:23
  [1m[35m (11.9ms)[0m  [1m[35mCOMMIT[0m
  ↳ /home/ashaikh/.rvm/gems/ruby-2.2.9/bin/rake:23
  [1m[35m (0.3ms)[0m  [1m[34mSELECT pg_advisory_unlock(8464036177713231045)[0m
  ↳ /home/ashaikh/.rvm/gems/ruby-2.2.9/bin/rake:23
  [1m[35m (0.4ms)[0m  [1m[34mSELECT "schema_migrations"."version" FROM "schema_migrations" ORDER BY "schema_migrations"."version" ASC[0m
  ↳ /home/ashaikh/.rvm/gems/ruby-2.2.9/bin/rake:23
  [1m[35m (0.2ms)[0m  [1m[35mBEGIN[0m
  [1m[36mCategory Create (0.7ms)[0m  [1m[32mINSERT INTO "categories" ("name", "description", "created_at", "updated_at") VALUES ($1, $2, $3, $4) RETURNING "id"[0m  [["name", "Sindhri Mango"], ["description", "Mango of Sindh"], ["created_at", "2019-04-17 14:58:10.141214"], ["updated_at", "2019-04-17 14:58:10.141214"]]
  [1m[35m (5.4ms)[0m  [1m[35mCOMMIT[0m
Started GET "/v1/categories" for ::1 at 2019-04-17 19:58:51 +0500
  [1m[35m (1.2ms)[0m  [1m[34mSELECT "schema_migrations"."version" FROM "schema_migrations" ORDER BY "schema_migrations"."version" ASC[0m
  ↳ /home/ashaikh/.rvm/gems/ruby-2.2.9/gems/activerecord-5.2.3/lib/active_record/log_subscriber.rb:98
Processing by V1::CategoriesController#index as HTML
  [1m[36mCategory Load (1.2ms)[0m  [1m[34mSELECT "categories".* FROM "categories"[0m
  ↳ app/controllers/v1/categories_controller.rb:5
Completed 200 OK in 53ms (Views: 38.1ms | ActiveRecord: 9.3ms)


Started GET "/favicon.ico" for ::1 at 2019-04-17 19:58:51 +0500
  
ActionController::RoutingError (No route matches [GET] "/favicon.ico"):
  
actionpack (5.2.3) lib/action_dispatch/middleware/debug_exceptions.rb:65:in `call'
actionpack (5.2.3) lib/action_dispatch/middleware/show_exceptions.rb:33:in `call'
railties (5.2.3) lib/rails/rack/logger.rb:38:in `call_app'
railties (5.2.3) lib/rails/rack/logger.rb:26:in `block in call'
activesupport (5.2.3) lib/active_support/tagged_logging.rb:71:in `block in tagged'
activesupport (5.2.3) lib/active_support/tagged_logging.rb:28:in `tagged'
activesupport (5.2.3) lib/active_support/tagged_logging.rb:71:in `tagged'
railties (5.2.3) lib/rails/rack/logger.rb:26:in `call'
actionpack (5.2.3) lib/action_dispatch/middleware/remote_ip.rb:81:in `call'
actionpack (5.2.3) lib/action_dispatch/middleware/request_id.rb:27:in `call'
rack (2.0.7) lib/rack/runtime.rb:22:in `call'
activesupport (5.2.3) lib/active_support/cache/strategy/local_cache_middleware.rb:29:in `call'
actionpack (5.2.3) lib/action_dispatch/middleware/executor.rb:14:in `call'
actionpack (5.2.3) lib/action_dispatch/middleware/static.rb:127:in `call'
rack (2.0.7) lib/rack/sendfile.rb:111:in `call'
railties (5.2.3) lib/rails/engine.rb:524:in `call'
puma (3.12.1) lib/puma/configuration.rb:227:in `call'
puma (3.12.1) lib/puma/server.rb:660:in `handle_request'
puma (3.12.1) lib/puma/server.rb:474:in `process_client'
puma (3.12.1) lib/puma/server.rb:334:in `block in run'
puma (3.12.1) lib/puma/thread_pool.rb:135:in `call'
puma (3.12.1) lib/puma/thread_pool.rb:135:in `block in spawn_thread'
